0 info it worked if it ends with ok
1 verbose cli [ 'C:\\Program Files\\nodejs\\node.exe',
1 verbose cli   'C:\\Program Files\\nodejs\\node_modules\\npm\\bin\\npm-cli.js',
1 verbose cli   'i',
1 verbose cli   'lerna-monorepo-poc',
1 verbose cli   '--save' ]
2 info using npm@3.10.10
3 info using node@v6.11.0
4 silly loadCurrentTree Starting
5 silly install loadCurrentTree
6 silly install readLocalPackageData
7 silly fetchPackageMetaData lerna-monorepo-poc
8 silly fetchNamedPackageData lerna-monorepo-poc
9 silly mapToRegistry name lerna-monorepo-poc
10 silly mapToRegistry using default registry
11 silly mapToRegistry registry http://repository.kiosk.roche.com/api/npm/npm-test/
12 silly mapToRegistry data Result {
12 silly mapToRegistry   raw: 'lerna-monorepo-poc',
12 silly mapToRegistry   scope: null,
12 silly mapToRegistry   escapedName: 'lerna-monorepo-poc',
12 silly mapToRegistry   name: 'lerna-monorepo-poc',
12 silly mapToRegistry   rawSpec: '',
12 silly mapToRegistry   spec: 'latest',
12 silly mapToRegistry   type: 'tag' }
13 silly mapToRegistry uri http://repository.kiosk.roche.com/api/npm/npm-test/lerna-monorepo-poc
14 verbose request uri http://repository.kiosk.roche.com/api/npm/npm-test/lerna-monorepo-poc
15 verbose request always-auth set; sending authorization
16 info attempt registry request try #1 at 09:24:00
17 verbose request id 10e64656a41a5642
18 http request GET http://repository.kiosk.roche.com/api/npm/npm-test/lerna-monorepo-poc
19 http 200 http://repository.kiosk.roche.com/api/npm/npm-test/lerna-monorepo-poc
20 verbose headers { date: 'Thu, 25 Jan 2018 08:24:00 GMT',
20 verbose headers   server: 'Artifactory/5.5.1',
20 verbose headers   'x-artifactory-id': 'bc469ff40f0e450d:29fd0a89:1609e7a5306:-8000',
20 verbose headers   'x-checksum-sha1': '513d6e30a6a131f1730c5500068dbbece4569932',
20 verbose headers   etag: '513d6e30a6a131f1730c5500068dbbece4569932',
20 verbose headers   'content-type': 'application/json',
20 verbose headers   'keep-alive': 'timeout=50, max=100',
20 verbose headers   connection: 'Keep-Alive',
20 verbose headers   'transfer-encoding': 'chunked' }
21 silly get cb [ 200,
21 silly get   { date: 'Thu, 25 Jan 2018 08:24:00 GMT',
21 silly get     server: 'Artifactory/5.5.1',
21 silly get     'x-artifactory-id': 'bc469ff40f0e450d:29fd0a89:1609e7a5306:-8000',
21 silly get     'x-checksum-sha1': '513d6e30a6a131f1730c5500068dbbece4569932',
21 silly get     etag: '513d6e30a6a131f1730c5500068dbbece4569932',
21 silly get     'content-type': 'application/json',
21 silly get     'keep-alive': 'timeout=50, max=100',
21 silly get     connection: 'Keep-Alive',
21 silly get     'transfer-encoding': 'chunked' } ]
22 verbose get saving lerna-monorepo-poc to C:\Users\anaj1\AppData\Roaming\npm-cache\repository.kiosk.roche.com\api\npm\npm-test\lerna-monorepo-poc\.cache.json
23 verbose correctMkdir C:\Users\anaj1\AppData\Roaming\npm-cache correctMkdir not in flight; initializing
24 silly install normalizeTree
25 silly loadCurrentTree Finishing
26 silly loadIdealTree Starting
27 silly install loadIdealTree
28 silly cloneCurrentTree Starting
29 silly install cloneCurrentTreeToIdealTree
30 silly cloneCurrentTree Finishing
31 silly loadShrinkwrap Starting
32 silly install loadShrinkwrap
33 silly loadShrinkwrap Finishing
34 silly loadAllDepsIntoIdealTree Starting
35 silly install loadAllDepsIntoIdealTree
36 silly rollbackFailedOptional Starting
37 silly rollbackFailedOptional Finishing
38 silly runTopLevelLifecycles Finishing
39 silly install printInstalled
40 verbose stack Error: Refusing to install lerna-monorepo-poc as a dependency of itself
40 verbose stack     at checkSelf (C:\Users\anaj1\AppData\Roaming\nvm\v6.11.0\node_modules\npm\lib\install\validate-args.js:53:14)
40 verbose stack     at Array.<anonymous> (C:\Users\anaj1\AppData\Roaming\nvm\v6.11.0\node_modules\npm\node_modules\slide\lib\bind-actor.js:15:8)
40 verbose stack     at LOOP (C:\Users\anaj1\AppData\Roaming\nvm\v6.11.0\node_modules\npm\node_modules\slide\lib\chain.js:15:14)
40 verbose stack     at chain (C:\Users\anaj1\AppData\Roaming\nvm\v6.11.0\node_modules\npm\node_modules\slide\lib\chain.js:20:5)
40 verbose stack     at C:\Users\anaj1\AppData\Roaming\nvm\v6.11.0\node_modules\npm\lib\install\validate-args.js:16:5
40 verbose stack     at C:\Users\anaj1\AppData\Roaming\nvm\v6.11.0\node_modules\npm\node_modules\slide\lib\async-map.js:52:35
40 verbose stack     at Array.forEach (native)
40 verbose stack     at C:\Users\anaj1\AppData\Roaming\nvm\v6.11.0\node_modules\npm\node_modules\slide\lib\async-map.js:52:11
40 verbose stack     at Array.forEach (native)
40 verbose stack     at asyncMap (C:\Users\anaj1\AppData\Roaming\nvm\v6.11.0\node_modules\npm\node_modules\slide\lib\async-map.js:51:8)
41 verbose cwd C:\Users\anaj1\Documents\Test_Development\Lerna
42 error Windows_NT 6.1.7601
43 error argv "C:\\Program Files\\nodejs\\node.exe" "C:\\Program Files\\nodejs\\node_modules\\npm\\bin\\npm-cli.js" "i" "lerna-monorepo-poc" "--save"
44 error node v6.11.0
45 error npm  v3.10.10
46 error code ENOSELF
47 error Refusing to install lerna-monorepo-poc as a dependency of itself
48 error If you need help, you may report this error at:
48 error     <https://github.com/npm/npm/issues>
49 verbose exit [ 1, true ]
